#~~#	#~+~~+~#	#~~#
#LOG	00:00:00	Activity Log for BUSCOMP V0.7.4: Fri Jun 28 15:02:50 2019
#DIR	00:00:00	Run from directory: /Users/redwards/code/buscomp/example/run
#ARG	00:00:00	Commandline arguments: ini=../run/example.ini i=-1 forks=4
#INI	00:00:00	INI file: ../../code/buscomp.ini; Commands loaded: -minimap2 /Users/redwards/Data/BiowareOSX/minimap2/minimap2
#INI	00:00:00	INI file: ../run/example.ini; Commands loaded: genomesize=13.1e6 genomes=../example.genomes.csv groups=../example.groups.csv runs="../busco3/run_*" fastadir=../fasta/ basefile=yeast
#CMD	00:00:00	Full Command List: log=buscomp.log minimap2=/Users/redwards/Data/BiowareOSX/minimap2/minimap2 ini=../run/example.ini genomesize=13.1e6 genomes=../example.genomes.csv groups=../example.groups.csv runs=../busco3/run_* fastadir=../fasta/ basefile=yeast i=-1 forks=4
#VIO	00:00:00	Verbosity: 1; Interactivity: -1.
#==#	00:00:00	# ================================= SETUP BUSCOMP RUN ================================== #
#RUNDIR	00:00:00	Processed run_MBG344001: 1 runs (1 total)
#RUNDIR	00:00:00	Processed run_MBG344WTDBG2: 1 runs (2 total)
#RUNDIR	00:00:00	Processed run_SGDR64.2.1: 1 runs (3 total)
#RUNDIR	00:00:00	Processed run_chrIIIdup: 1 runs (4 total)
#==#	00:00:00	# =============================== MAPPING GENOME ALIASES =============================== #
#LOAD	00:00:00	Loaded table "example.genomes" renamed "alias".
#TABLE	00:00:00	Table "alias" added: 3 fields; 4 entries.
#ALIAS	00:00:00	MBG344001: "MBG344001" -> "02_PacBioHQ"
#ALIAS	00:00:00	Genome updated: 02_PacBioHQ (MBG344001)
#DESC	00:00:00	Description updated: 02_PacBioHQ (MBG344001) = "High quality PacBio assembly of strain MBG344 (similar to S288c)"
#ALIAS	00:00:00	MBG344WTDBG2: "MBG344WTDBG2" -> "10_PacBioWTDBG2"
#ALIAS	00:00:00	Genome updated: 10_PacBioWTDBG2 (MBG344WTDBG2)
#DESC	00:00:00	Description updated: 10_PacBioWTDBG2 (MBG344WTDBG2) = "WTDBG2 PacBio assembly of strain MBG344 (similar to S288c)"
#ALIAS	00:00:00	SGDR64.2.1: "SGDR64.2.1" -> "01_SGD"
#ALIAS	00:00:00	Genome updated: 01_SGD (SGDR64.2.1)
#DESC	00:00:00	Description updated: 01_SGD (SGDR64.2.1) = "SGD R64.2.1 reference genome (strain S288c)"
#ALIAS	00:00:00	chrIIIdup: "chrIIIdup" -> "03_chrIIIdup"
#ALIAS	00:00:00	Genome updated: 03_chrIIIdup (chrIIIdup)
#DESC	00:00:00	Description updated: 03_chrIIIdup (chrIIIdup) = "Duplicated chromosome III contig from High Quality PacBio assembly"
#==#	00:00:00	# ================================ SETUP GENOME GROUPS ================================= #
#LOAD	00:00:00	Loaded table "example.groups" renamed "groups".
#TABLE	00:00:00	Table "groups" added: 3 fields; 3 entries.
#GRP	00:00:00	HighQuality: 01_SGD|02_PacBioHQ|03_chrIIIdup
#GROUP	00:00:00	Group BUSCOMP added: 3 -> 7 Genome-Group pairs
#GROUP	00:00:00	Added group BUSCOMP to Genome table (AllGenomes)
#GROUP	00:00:00	Added group HighQuality to Genome table (01_SGD|02_PacBioHQ|03_chrIIIdup)
#SORT	00:00:00	Genomes sorted by genome name and group
#==#	00:00:00	# ==================================== LOAD GENOMES ==================================== #
#FASTA	00:00:00	Loading sequences for 01_SGD (SGDR64.2.1)
#SEQ	00:00:00	18 of 18 sequences loaded from ../fasta/SGDR64.2.1.fsa.index (Format: index).
#~~#	00:00:00	# ~~~~~~~~~~~ Sequence Summary for SGDR64.2.1 ~~~~~~~~~~~~ #
#SUM	00:00:00	Total number of sequences: 18
#SUM	00:00:00	Total length of sequences: 12,163,423
#SUM	00:00:00	Min. length of sequences: 6,318
#SUM	00:00:00	Max. length of sequences: 1,531,933
#SUM	00:00:00	Mean length of sequences: 675,745.72
#SUM	00:00:00	Median length of sequences: 706,283
#SUM	00:00:00	N50 length of sequences: 924,431
#SUM	00:00:00	L50 count of sequences: 6
#SUM	00:00:00	NG50 length of sequences (13.10 Mb): 924,431
#SUM	00:00:00	LG50 count of sequences (13.10 Mb): 6
#SUM	00:00:00	GC content: 38.15%
#SUM	00:00:00	Gap (N) length: 0 (0.00%)
#FASTA	00:00:00	Loading sequences for 02_PacBioHQ (MBG344001)
#SEQ	00:00:00	17 of 17 sequences loaded from ../fasta/MBG344001.fsa.index (Format: index).
#~~#	00:00:00	# ~~~~~~~~~~~~ Sequence Summary for MBG344001 ~~~~~~~~~~~~ #
#SUM	00:00:01	Total number of sequences: 17
#SUM	00:00:01	Total length of sequences: 12,275,942
#SUM	00:00:01	Min. length of sequences: 85,779
#SUM	00:00:01	Max. length of sequences: 1,553,502
#SUM	00:00:01	Mean length of sequences: 722,114.24
#SUM	00:00:01	Median length of sequences: 746,591
#SUM	00:00:01	N50 length of sequences: 930,848
#SUM	00:00:01	L50 count of sequences: 6
#SUM	00:00:01	NG50 length of sequences (13.10 Mb): 930,848
#SUM	00:00:01	LG50 count of sequences (13.10 Mb): 6
#SUM	00:00:01	GC content: 38.17%
#SUM	00:00:01	Gap (N) length: 0 (0.00%)
#FASTA	00:00:01	Loading sequences for 03_chrIIIdup (chrIIIdup)
#SEQ	00:00:01	2 of 2 sequences loaded from ../fasta/chrIIIdup.fsa.index (Format: index).
#~~#	00:00:01	# ~~~~~~~~~~~~ Sequence Summary for chrIIIdup ~~~~~~~~~~~~ #
#SUM	00:00:01	Total number of sequences: 2
#SUM	00:00:01	Total length of sequences: 695,514
#SUM	00:00:01	Min. length of sequences: 347,757
#SUM	00:00:01	Max. length of sequences: 347,757
#SUM	00:00:01	Mean length of sequences: 347,757.00
#SUM	00:00:01	Median length of sequences: 347,757
#SUM	00:00:01	N50 length of sequences: 347,757
#SUM	00:00:01	L50 count of sequences: 1
#SUM	00:00:01	Half genome size (13.10 Mb) not reached for NG50!
#SUM	00:00:01	GC content: 38.52%
#SUM	00:00:01	Gap (N) length: 0 (0.00%)
#FASTA	00:00:01	Loading sequences for 10_PacBioWTDBG2 (MBG344WTDBG2)
#SEQ	00:00:01	29 of 29 sequences loaded from ../fasta/MBG344WTDBG2.fsa.index (Format: index).
#~~#	00:00:01	# ~~~~~~~~~~ Sequence Summary for MBG344WTDBG2 ~~~~~~~~~~~ #
#SUM	00:00:02	Total number of sequences: 29
#SUM	00:00:02	Total length of sequences: 12,109,398
#SUM	00:00:02	Min. length of sequences: 4,007
#SUM	00:00:02	Max. length of sequences: 1,524,521
#SUM	00:00:02	Mean length of sequences: 417,565.45
#SUM	00:00:02	Median length of sequences: 344,232
#SUM	00:00:02	N50 length of sequences: 764,884
#SUM	00:00:02	L50 count of sequences: 6
#SUM	00:00:02	NG50 length of sequences (13.10 Mb): 755,429
#SUM	00:00:02	LG50 count of sequences (13.10 Mb): 7
#SUM	00:00:02	GC content: 37.85%
#SUM	00:00:02	Gap (N) length: 0 (0.00%)
#==#	00:00:02	# =============================== COMPILE BUSCO RESULTS ================================ #
#BUSCO	00:00:02	Processed 01_SGD [../busco3/run_SGDR64.2.1/full_table_SGDR64.2.1.tsv] (1724 entries-> 1711 BUSCOs).
#BUSCO	00:00:02	Processed 02_PacBioHQ [../busco3/run_MBG344001/full_table_MBG344001.tsv] (1724 entries-> 1711 BUSCOs).
#BUSCO	00:00:03	Processed 03_chrIIIdup [../busco3/run_chrIIIdup/full_table_chrIIIdup.tsv] (1756 entries-> 1711 BUSCOs).
#BUSCO	00:00:03	Processed 10_PacBioWTDBG2 [../busco3/run_MBG344WTDBG2/full_table_MBG344WTDBG2.tsv] (1721 entries-> 1711 BUSCOs).
#GRP	00:00:03	Compiled BUSCO stats for group BUSCOMP (4 of 4 genomes)
#GRP	00:00:03	Compiled BUSCO stats for group HighQuality (3 of 3 genomes)
#SORT	00:00:03	Genomes sorted by genome name and group
#==#	00:00:03	# =================================== BUSCO SUMMARY ==================================== #
#BUSCO	00:00:03	Results: C:98.4%[S:97.7%,D:0.6%],F:0.7%,M:0.9%,n:1711 - SGD
#BUSCO	00:00:03	Results: C:98.4%[S:97.8%,D:0.6%],F:0.6%,M:1.0%,n:1711 - PacBioHQ
#BUSCO	00:00:03	Results: C:2.6%[S:0.0%,D:2.6%],F:0.0%,M:97.4%,n:1711 - chrIIIdup
#BUSCO	00:00:03	Results: C:98.4%[S:97.8%,D:0.6%],F:0.6%,M:0.9%,n:1711 - HighQuality
#BUSCO	00:00:03	Results: C:80.9%[S:80.4%,D:0.5%],F:7.9%,M:11.2%,n:1711 - PacBioWTDBG2
#BUSCO	00:00:03	Results: C:98.7%[S:98.2%,D:0.5%],F:0.5%,M:0.8%,n:1711 - BUSCOMP
#SAVE	00:00:03	Table "genomes" saved to "yeast.genomes.tdt": 6 entries.
#SAVE	00:00:04	Table "full" saved to "yeast.full.tdt": 6,925 entries.
#SAVE	00:00:04	Table "busco" saved to "yeast.busco.tdt": 1,711 entries.
#==#	00:00:04	# ============================== COMPILE BUSCO SEQUENCES =============================== #
#DROP	00:00:04	6,925 buscoseq entries reduced to 4,278 entries on Rank.
#DROP	00:00:04	4,278 buscoseq entries reduced to 1,711 entries on Rank.
#WARN	00:00:05	"Single copy" BUSCO EOG092E01WO has 2+ sequences in ../busco3/run_MBG344001/single_copy_busco_sequences/EOG092E01WO.fna! (Keeping first.)
#WARN	00:00:05	"Single copy" BUSCO EOG092E01WO has 2+ sequences in ../busco3/run_MBG344001/single_copy_busco_sequences/EOG092E01WO.faa! (Keeping first.)
#WARN	00:00:05	"Single copy" BUSCO EOG092E0EIP has 2+ sequences in ../busco3/run_MBG344WTDBG2/single_copy_busco_sequences/EOG092E0EIP.fna! (Keeping first.)
#WARN	00:00:05	"Single copy" BUSCO EOG092E0EIP has 2+ sequences in ../busco3/run_MBG344WTDBG2/single_copy_busco_sequences/EOG092E0EIP.faa! (Keeping first.)
#SEQ	00:00:05	DNA sequences for 1,681 best (of 1,711 total) BUSCO hits output to yeast.buscomp.fasta
#SEQ	00:00:05	Protein sequences for 1,681 best (of 1,711 total) BUSCO hits output to yeast.buscomp.faa
#==#	00:00:05	# ================================= MINIMAP2 SEARCHES ================================== #
#--#	00:00:05	# ----------------------------- SGD Minimap ----------------------------- #
#BASE	00:00:05	yeast.minimap/SGDR64.2.1.N3L20ID0U
#REFIN	00:00:06	Loading reference (target) sequences.
#SEQ	00:00:06	18 of 18 sequences loaded from ../fasta/SGDR64.2.1.fsa.index (Format: index).
#FILT	00:00:06	18 of 18 sequences retained.
#SEQIN	00:00:06	Loading assembly (query) sequences.
#SEQ	00:00:06	1,681 of 1,681 sequences loaded from yeast.buscomp.fasta (Format: fas).
#INDEX	00:00:06	Index file yeast.buscomp.fasta.index made
#FILT	00:00:06	1,681 of 1,681 sequences retained.
#PAFIN	00:00:06	Minimap2 PAF file set: yeast.minimap/SGDR64.2.1.N3L20ID0U.paf
#SYS	00:00:06	/Users/redwards/Data/BiowareOSX/minimap2/minimap2 --cs -x splice -N 3 -t 4 -p 0.0 ../fasta/SGDR64.2.1.fsa yeast.buscomp.fasta > yeast.minimap/SGDR64.2.1.N3L20ID0U.paf
#~~#	00:00:09	# ~~~~~~~~~~~~~~~~ Parsing PAF Alignments ~~~~~~~~~~~~~~~~ #
#PAF	00:00:09	Parsing yeast.minimap/SGDR64.2.1.N3L20ID0U.paf
#PAF	00:00:09	Parsed 1,811 lines from yeast.minimap/SGDR64.2.1.N3L20ID0U.paf
#~~#	00:00:09	# ~~~~~~~~~~ PAF to Local Alignment Conversion ~~~~~~~~~~~ #
#DROP	00:00:09	31 local fields reduced to 16 fields
#ALN	00:00:25	Conversion of 1,811 PAF cs alignments complete.
#SAVE	00:00:26	Table "local" saved to "yeast.minimap/SGDR64.2.1.N3L20ID0U.local.tdt": 1,811 entries.
#~~#	00:00:26	# ~~~~~~~~~~ PAF Local Alignment to Unique Hits ~~~~~~~~~~ #
#~~#	00:00:26	# ~~~~~~~~~~~~ PAF Local Alignment Reduction ~~~~~~~~~~~~~ #
#LOCALN	00:00:28	Reduced local alignments to unique coverage: 1,811 -> 1,683 (31 failed to meet minloclen=20)
#~~#	00:00:28	# ~~~~ Inverted PAF Local Alignment Reduction Preparation ~~~~ #
#INVERT	00:00:28	Inverting local BLAST hits for qryunique=T reduction
#~~#	00:00:28	# ~~~~~~~~~~~~ PAF Local Alignment Reduction ~~~~~~~~~~~~~ #
#LOCALN	00:00:28	Reduced local alignments to unique coverage: 1,811 -> 1,681 (0 failed to meet minloclen=20)
#INVERT	00:00:28	Inverting local BLAST hits following qryunique=T reduction
#SAVE	00:00:29	Table "hitunique" saved to "yeast.minimap/SGDR64.2.1.N3L20ID0U.hitunique.tdt": 1,683 entries.
#SAVE	00:00:29	Table "qryunique" saved to "yeast.minimap/SGDR64.2.1.N3L20ID0U.qryunique.tdt": 1,681 entries.
#~~#	00:00:29	# ~~~~~~~~~ PAF Local and Unique Hits to HitSum ~~~~~~~~~~ #
#INFO	00:00:29	Converting query-unique reduced local hits into hit summary statistics
#INFO	00:00:29	Using hit-unique reduced local hits for GABLAM summary statistics
#DROP	00:00:29	21 hitsum fields reduced to 13 fields
#CMPRSS	00:00:29	Compressed table "hitsum": 13 fields; 1,681 entries
#SAVE	00:00:30	Table "hitsum" saved to "yeast.minimap/SGDR64.2.1.N3L20ID0U.hitsum.tdt": 1,681 entries.
#~~#	00:00:30	# ~~~~~ Forking PAF Local Alignment to GABLAM Stats ~~~~~~ #
#FORK	00:00:35	1,723 Qry-Hit pairs for forking
#GABLAM	00:00:46	Forked 3,446 local qry-hit GABLAM reductions: 3,446 complete (3,446 forked; 0 skipped).
#CMPRSS	00:00:46	Compressed table "gablam": 19 fields; 1,723 entries
#DROP	00:00:46	20 gablam fields reduced to 6 fields
#GABLAM	00:00:57	Generated GABLAM table from 1,723 Qry-Hit pairs (0 MinLocID filtered).
#SAVE	00:00:57	Table "gablam" saved to "yeast.minimap/SGDR64.2.1.N3L20ID0U.gablam.tdt": 1,723 entries.
#DEL	00:00:57	3,446 temporary GABLAM files deleted from yeast.minimap/SGDR64.2.1.N3L20ID0U.tmp/ (0 missing)
#PAF	00:00:57	Renamed yeast.minimap/SGDR64.2.1.N3L20ID0U.paf -> yeast.minimap/SGDR64.2.1.N3.paf
#PAF	00:00:57	Renamed yeast.minimap/SGDR64.2.1.N3L20ID0U.paf.cmd -> yeast.minimap/SGDR64.2.1.N3.paf.cmd
#--#	00:00:57	# -------------------------- PacBioHQ Minimap --------------------------- #
#BASE	00:00:57	yeast.minimap/MBG344001.N3L20ID0U
#REFIN	00:00:57	Loading reference (target) sequences.
#SEQ	00:00:57	17 of 17 sequences loaded from ../fasta/MBG344001.fsa.index (Format: index).
#FILT	00:00:57	17 of 17 sequences retained.
#SEQIN	00:00:57	Loading assembly (query) sequences.
#SEQ	00:00:57	1,681 of 1,681 sequences loaded from yeast.buscomp.fasta.index (Format: index).
#FILT	00:00:57	1,681 of 1,681 sequences retained.
#PAFIN	00:00:57	Minimap2 PAF file set: yeast.minimap/MBG344001.N3L20ID0U.paf
#SYS	00:00:57	/Users/redwards/Data/BiowareOSX/minimap2/minimap2 --cs -x splice -N 3 -t 4 -p 0.0 ../fasta/MBG344001.fsa yeast.buscomp.fasta > yeast.minimap/MBG344001.N3L20ID0U.paf
#~~#	00:01:01	# ~~~~~~~~~~~~~~~~ Parsing PAF Alignments ~~~~~~~~~~~~~~~~ #
#PAF	00:01:01	Parsing yeast.minimap/MBG344001.N3L20ID0U.paf
#PAF	00:01:01	Parsed 1,843 lines from yeast.minimap/MBG344001.N3L20ID0U.paf
#~~#	00:01:01	# ~~~~~~~~~~ PAF to Local Alignment Conversion ~~~~~~~~~~~ #
#DROP	00:01:01	31 local fields reduced to 16 fields
#ALN	00:01:14	Conversion of 1,843 PAF cs alignments complete.
#SAVE	00:01:14	Table "local" saved to "yeast.minimap/MBG344001.N3L20ID0U.local.tdt": 1,843 entries.
#~~#	00:01:14	# ~~~~~~~~~~ PAF Local Alignment to Unique Hits ~~~~~~~~~~ #
#~~#	00:01:14	# ~~~~~~~~~~~~ PAF Local Alignment Reduction ~~~~~~~~~~~~~ #
#LOCALN	00:01:17	Reduced local alignments to unique coverage: 1,843 -> 1,673 (48 failed to meet minloclen=20)
#~~#	00:01:18	# ~~~~ Inverted PAF Local Alignment Reduction Preparation ~~~~ #
#INVERT	00:01:18	Inverting local BLAST hits for qryunique=T reduction
#~~#	00:01:18	# ~~~~~~~~~~~~ PAF Local Alignment Reduction ~~~~~~~~~~~~~ #
#LOCALN	00:01:19	Reduced local alignments to unique coverage: 1,843 -> 1,681 (0 failed to meet minloclen=20)
#INVERT	00:01:19	Inverting local BLAST hits following qryunique=T reduction
#SAVE	00:01:19	Table "hitunique" saved to "yeast.minimap/MBG344001.N3L20ID0U.hitunique.tdt": 1,673 entries.
#SAVE	00:01:19	Table "qryunique" saved to "yeast.minimap/MBG344001.N3L20ID0U.qryunique.tdt": 1,681 entries.
#~~#	00:01:19	# ~~~~~~~~~ PAF Local and Unique Hits to HitSum ~~~~~~~~~~ #
#INFO	00:01:19	Converting query-unique reduced local hits into hit summary statistics
#INFO	00:01:19	Using hit-unique reduced local hits for GABLAM summary statistics
#DROP	00:01:19	21 hitsum fields reduced to 13 fields
#CMPRSS	00:01:19	Compressed table "hitsum": 13 fields; 1,681 entries
#SAVE	00:01:20	Table "hitsum" saved to "yeast.minimap/MBG344001.N3L20ID0U.hitsum.tdt": 1,681 entries.
#~~#	00:01:20	# ~~~~~ Forking PAF Local Alignment to GABLAM Stats ~~~~~~ #
#FORK	00:01:25	1,723 Qry-Hit pairs for forking
#GABLAM	00:01:37	Forked 3,446 local qry-hit GABLAM reductions: 3,446 complete (3,446 forked; 0 skipped).
#CMPRSS	00:01:37	Compressed table "gablam": 19 fields; 1,723 entries
#DROP	00:01:37	20 gablam fields reduced to 6 fields
#GABLAM	00:01:49	Generated GABLAM table from 1,723 Qry-Hit pairs (0 MinLocID filtered).
#SAVE	00:01:49	Table "gablam" saved to "yeast.minimap/MBG344001.N3L20ID0U.gablam.tdt": 1,723 entries.
#DEL	00:01:50	3,446 temporary GABLAM files deleted from yeast.minimap/MBG344001.N3L20ID0U.tmp/ (0 missing)
#PAF	00:01:50	Renamed yeast.minimap/MBG344001.N3L20ID0U.paf -> yeast.minimap/MBG344001.N3.paf
#PAF	00:01:50	Renamed yeast.minimap/MBG344001.N3L20ID0U.paf.cmd -> yeast.minimap/MBG344001.N3.paf.cmd
#--#	00:01:50	# -------------------------- chrIIIdup Minimap -------------------------- #
#BASE	00:01:50	yeast.minimap/chrIIIdup.N3L20ID0U
#REFIN	00:01:50	Loading reference (target) sequences.
#SEQ	00:01:50	2 of 2 sequences loaded from ../fasta/chrIIIdup.fsa.index (Format: index).
#FILT	00:01:50	2 of 2 sequences retained.
#SEQIN	00:01:50	Loading assembly (query) sequences.
#SEQ	00:01:50	1,681 of 1,681 sequences loaded from yeast.buscomp.fasta.index (Format: index).
#FILT	00:01:50	1,681 of 1,681 sequences retained.
#PAFIN	00:01:50	Minimap2 PAF file set: yeast.minimap/chrIIIdup.N3L20ID0U.paf
#SYS	00:01:50	/Users/redwards/Data/BiowareOSX/minimap2/minimap2 --cs -x splice -N 3 -t 4 -p 0.0 ../fasta/chrIIIdup.fsa yeast.buscomp.fasta > yeast.minimap/chrIIIdup.N3L20ID0U.paf
#~~#	00:01:50	# ~~~~~~~~~~~~~~~~ Parsing PAF Alignments ~~~~~~~~~~~~~~~~ #
#PAF	00:01:50	Parsing yeast.minimap/chrIIIdup.N3L20ID0U.paf
#PAF	00:01:50	Parsed 123 lines from yeast.minimap/chrIIIdup.N3L20ID0U.paf
#~~#	00:01:50	# ~~~~~~~~~~ PAF to Local Alignment Conversion ~~~~~~~~~~~ #
#DROP	00:01:50	31 local fields reduced to 16 fields
#ALN	00:01:51	Conversion of 123 PAF cs alignments complete.
#SAVE	00:01:51	Table "local" saved to "yeast.minimap/chrIIIdup.N3L20ID0U.local.tdt": 123 entries.
#~~#	00:01:51	# ~~~~~~~~~~ PAF Local Alignment to Unique Hits ~~~~~~~~~~ #
#~~#	00:01:51	# ~~~~~~~~~~~~ PAF Local Alignment Reduction ~~~~~~~~~~~~~ #
#LOCALN	00:01:51	Reduced local alignments to unique coverage: 123 -> 88 (11 failed to meet minloclen=20)
#~~#	00:01:51	# ~~~~ Inverted PAF Local Alignment Reduction Preparation ~~~~ #
#INVERT	00:01:51	Inverting local BLAST hits for qryunique=T reduction
#~~#	00:01:51	# ~~~~~~~~~~~~ PAF Local Alignment Reduction ~~~~~~~~~~~~~ #
#LOCALN	00:01:51	Reduced local alignments to unique coverage: 123 -> 47 (0 failed to meet minloclen=20)
#INVERT	00:01:51	Inverting local BLAST hits following qryunique=T reduction
#SAVE	00:01:51	Table "hitunique" saved to "yeast.minimap/chrIIIdup.N3L20ID0U.hitunique.tdt": 88 entries.
#SAVE	00:01:51	Table "qryunique" saved to "yeast.minimap/chrIIIdup.N3L20ID0U.qryunique.tdt": 47 entries.
#~~#	00:01:51	# ~~~~~~~~~ PAF Local and Unique Hits to HitSum ~~~~~~~~~~ #
#INFO	00:01:51	Converting query-unique reduced local hits into hit summary statistics
#INFO	00:01:51	Using hit-unique reduced local hits for GABLAM summary statistics
#DROP	00:01:51	21 hitsum fields reduced to 13 fields
#CMPRSS	00:01:51	Compressed table "hitsum": 13 fields; 47 entries
#SAVE	00:01:52	Table "hitsum" saved to "yeast.minimap/chrIIIdup.N3L20ID0U.hitsum.tdt": 1,681 entries.
#~~#	00:01:52	# ~~~~~ Forking PAF Local Alignment to GABLAM Stats ~~~~~~ #
#FORK	00:01:52	94 Qry-Hit pairs for forking
#GABLAM	00:01:53	Forked 188 local qry-hit GABLAM reductions: 188 complete (188 forked; 0 skipped).
#CMPRSS	00:01:53	Compressed table "gablam": 19 fields; 94 entries
#DROP	00:01:53	20 gablam fields reduced to 6 fields
#GABLAM	00:01:53	Generated GABLAM table from 94 Qry-Hit pairs (0 MinLocID filtered).
#SAVE	00:01:53	Table "gablam" saved to "yeast.minimap/chrIIIdup.N3L20ID0U.gablam.tdt": 94 entries.
#DEL	00:01:53	188 temporary GABLAM files deleted from yeast.minimap/chrIIIdup.N3L20ID0U.tmp/ (0 missing)
#PAF	00:01:53	Renamed yeast.minimap/chrIIIdup.N3L20ID0U.paf -> yeast.minimap/chrIIIdup.N3.paf
#PAF	00:01:53	Renamed yeast.minimap/chrIIIdup.N3L20ID0U.paf.cmd -> yeast.minimap/chrIIIdup.N3.paf.cmd
#--#	00:01:53	# ------------------------ PacBioWTDBG2 Minimap ------------------------- #
#BASE	00:01:53	yeast.minimap/MBG344WTDBG2.N3L20ID0U
#REFIN	00:01:53	Loading reference (target) sequences.
#SEQ	00:01:53	29 of 29 sequences loaded from ../fasta/MBG344WTDBG2.fsa.index (Format: index).
#FILT	00:01:53	29 of 29 sequences retained.
#SEQIN	00:01:53	Loading assembly (query) sequences.
#SEQ	00:01:53	1,681 of 1,681 sequences loaded from yeast.buscomp.fasta.index (Format: index).
#FILT	00:01:53	1,681 of 1,681 sequences retained.
#PAFIN	00:01:53	Minimap2 PAF file set: yeast.minimap/MBG344WTDBG2.N3L20ID0U.paf
#SYS	00:01:53	/Users/redwards/Data/BiowareOSX/minimap2/minimap2 --cs -x splice -N 3 -t 4 -p 0.0 ../fasta/MBG344WTDBG2.fsa yeast.buscomp.fasta > yeast.minimap/MBG344WTDBG2.N3L20ID0U.paf
#~~#	00:01:56	# ~~~~~~~~~~~~~~~~ Parsing PAF Alignments ~~~~~~~~~~~~~~~~ #
#PAF	00:01:56	Parsing yeast.minimap/MBG344WTDBG2.N3L20ID0U.paf
#PAF	00:01:56	Parsed 1,818 lines from yeast.minimap/MBG344WTDBG2.N3L20ID0U.paf
#~~#	00:01:56	# ~~~~~~~~~~ PAF to Local Alignment Conversion ~~~~~~~~~~~ #
#DROP	00:01:56	31 local fields reduced to 16 fields
#ALN	00:02:25	Conversion of 1,818 PAF cs alignments complete.
#SAVE	00:02:25	Table "local" saved to "yeast.minimap/MBG344WTDBG2.N3L20ID0U.local.tdt": 1,818 entries.
#~~#	00:02:25	# ~~~~~~~~~~ PAF Local Alignment to Unique Hits ~~~~~~~~~~ #
#~~#	00:02:25	# ~~~~~~~~~~~~ PAF Local Alignment Reduction ~~~~~~~~~~~~~ #
#LOCALN	00:02:27	Reduced local alignments to unique coverage: 1,818 -> 1,685 (34 failed to meet minloclen=20)
#~~#	00:02:27	# ~~~~ Inverted PAF Local Alignment Reduction Preparation ~~~~ #
#INVERT	00:02:27	Inverting local BLAST hits for qryunique=T reduction
#~~#	00:02:27	# ~~~~~~~~~~~~ PAF Local Alignment Reduction ~~~~~~~~~~~~~ #
#LOCALN	00:02:28	Reduced local alignments to unique coverage: 1,818 -> 1,681 (0 failed to meet minloclen=20)
#INVERT	00:02:28	Inverting local BLAST hits following qryunique=T reduction
#SAVE	00:02:28	Table "hitunique" saved to "yeast.minimap/MBG344WTDBG2.N3L20ID0U.hitunique.tdt": 1,685 entries.
#SAVE	00:02:29	Table "qryunique" saved to "yeast.minimap/MBG344WTDBG2.N3L20ID0U.qryunique.tdt": 1,681 entries.
#~~#	00:02:29	# ~~~~~~~~~ PAF Local and Unique Hits to HitSum ~~~~~~~~~~ #
#INFO	00:02:29	Converting query-unique reduced local hits into hit summary statistics
#INFO	00:02:29	Using hit-unique reduced local hits for GABLAM summary statistics
#DROP	00:02:29	21 hitsum fields reduced to 13 fields
#CMPRSS	00:02:29	Compressed table "hitsum": 13 fields; 1,681 entries
#SAVE	00:02:30	Table "hitsum" saved to "yeast.minimap/MBG344WTDBG2.N3L20ID0U.hitsum.tdt": 1,681 entries.
#~~#	00:02:30	# ~~~~~ Forking PAF Local Alignment to GABLAM Stats ~~~~~~ #
#FORK	00:02:35	1,722 Qry-Hit pairs for forking
#GABLAM	00:02:50	Forked 3,444 local qry-hit GABLAM reductions: 3,444 complete (3,444 forked; 0 skipped).
#CMPRSS	00:02:50	Compressed table "gablam": 19 fields; 1,722 entries
#DROP	00:02:50	20 gablam fields reduced to 6 fields
#GABLAM	00:03:16	Generated GABLAM table from 1,722 Qry-Hit pairs (0 MinLocID filtered).
#SAVE	00:03:16	Table "gablam" saved to "yeast.minimap/MBG344WTDBG2.N3L20ID0U.gablam.tdt": 1,722 entries.
#DEL	00:03:17	3,444 temporary GABLAM files deleted from yeast.minimap/MBG344WTDBG2.N3L20ID0U.tmp/ (0 missing)
#PAF	00:03:17	Renamed yeast.minimap/MBG344WTDBG2.N3L20ID0U.paf -> yeast.minimap/MBG344WTDBG2.N3.paf
#PAF	00:03:17	Renamed yeast.minimap/MBG344WTDBG2.N3L20ID0U.paf.cmd -> yeast.minimap/MBG344WTDBG2.N3.paf.cmd
#PAF	00:03:17	RJE_PAF Minimap2 runs complete for 4 genomes; 0 failed; 0 skipped.
#==#	00:03:17	# ============================= COMPILE MINIMAP2 SEARCHES ============================== #
#~~#	00:03:17	# ~~~~~~~~~~~~~~~~~ SGD Minimap2 ratings ~~~~~~~~~~~~~~~~~ #
#LOAD	00:03:17	Loaded table "SGDR64.2.1.N3L20ID0U.hitsum" renamed "01_SGD.hitsum".
#TABLE	00:03:17	Table "01_SGD.hitsum" added: 13 fields; 1,681 entries.
#LOAD	00:03:17	Loaded table "SGDR64.2.1.N3L20ID0U.gablam" renamed "01_SGD.gablam".
#TABLE	00:03:17	Table "01_SGD.gablam" added: 19 fields; 1,723 entries.
#RATING	00:03:17	Rating 1,723 01_SGD hits complete.
#RATING	00:03:17	Rating 1,681 01_SGD BUSCOs complete.
#SEQID	00:03:17	1,609 of 1,681 identical to BUSCOSeq
#RATING	00:03:18	1,678 Complete 01_SGD.hitsum:Rating entries.
#RATING	00:03:18	1 Duplicated 01_SGD.hitsum:Rating entries.
#RATING	00:03:18	2 Partial 01_SGD.hitsum:Rating entries.
#COMP	00:03:18	01_SGD (SGDR64.2.1) BUSCOMP Rating complete
#~~#	00:03:18	# ~~~~~~~~~~~~~~ PacBioHQ Minimap2 ratings ~~~~~~~~~~~~~~~ #
#LOAD	00:03:18	Loaded table "MBG344001.N3L20ID0U.hitsum" renamed "02_PacBioHQ.hitsum".
#TABLE	00:03:18	Table "02_PacBioHQ.hitsum" added: 13 fields; 1,681 entries.
#LOAD	00:03:18	Loaded table "MBG344001.N3L20ID0U.gablam" renamed "02_PacBioHQ.gablam".
#TABLE	00:03:18	Table "02_PacBioHQ.gablam" added: 19 fields; 1,723 entries.
#RATING	00:03:18	Rating 1,723 02_PacBioHQ hits complete.
#RATING	00:03:18	Rating 1,681 02_PacBioHQ BUSCOs complete.
#SEQID	00:03:18	1,611 of 1,681 identical to BUSCOSeq
#RATING	00:03:18	1,678 Complete 02_PacBioHQ.hitsum:Rating entries.
#RATING	00:03:18	1 Duplicated 02_PacBioHQ.hitsum:Rating entries.
#RATING	00:03:18	2 Partial 02_PacBioHQ.hitsum:Rating entries.
#COMP	00:03:18	02_PacBioHQ (MBG344001) BUSCOMP Rating complete
#~~#	00:03:18	# ~~~~~~~~~~~~~~ chrIIIdup Minimap2 ratings ~~~~~~~~~~~~~~ #
#LOAD	00:03:18	Loaded table "chrIIIdup.N3L20ID0U.hitsum" renamed "03_chrIIIdup.hitsum".
#TABLE	00:03:18	Table "03_chrIIIdup.hitsum" added: 13 fields; 1,681 entries.
#LOAD	00:03:18	Loaded table "chrIIIdup.N3L20ID0U.gablam" renamed "03_chrIIIdup.gablam".
#TABLE	00:03:18	Table "03_chrIIIdup.gablam" added: 19 fields; 94 entries.
#RATING	00:03:18	Rating 94 03_chrIIIdup hits complete.
#RATING	00:03:18	Rating 1,681 03_chrIIIdup BUSCOs complete.
#SEQID	00:03:18	43 of 1,681 identical to BUSCOSeq
#RATING	00:03:18	45 Duplicated 03_chrIIIdup.hitsum:Rating entries.
#RATING	00:03:18	1 Ghost 03_chrIIIdup.hitsum:Rating entries.
#RATING	00:03:18	1,634 Missing 03_chrIIIdup.hitsum:Rating entries.
#RATING	00:03:18	1 Partial 03_chrIIIdup.hitsum:Rating entries.
#COMP	00:03:18	03_chrIIIdup (chrIIIdup) BUSCOMP Rating complete
#~~#	00:03:18	# ~~~~~~~~~~~~ PacBioWTDBG2 Minimap2 ratings ~~~~~~~~~~~~~ #
#LOAD	00:03:18	Loaded table "MBG344WTDBG2.N3L20ID0U.hitsum" renamed "10_PacBioWTDBG2.hitsum".
#TABLE	00:03:18	Table "10_PacBioWTDBG2.hitsum" added: 13 fields; 1,681 entries.
#LOAD	00:03:18	Loaded table "MBG344WTDBG2.N3L20ID0U.gablam" renamed "10_PacBioWTDBG2.gablam".
#TABLE	00:03:18	Table "10_PacBioWTDBG2.gablam" added: 19 fields; 1,722 entries.
#RATING	00:03:19	Rating 1,722 10_PacBioWTDBG2 hits complete.
#RATING	00:03:19	Rating 1,681 10_PacBioWTDBG2 BUSCOs complete.
#SEQID	00:03:19	1,018 of 1,681 identical to BUSCOSeq
#RATING	00:03:19	1,677 Complete 10_PacBioWTDBG2.hitsum:Rating entries.
#RATING	00:03:19	2 Duplicated 10_PacBioWTDBG2.hitsum:Rating entries.
#RATING	00:03:19	2 Partial 10_PacBioWTDBG2.hitsum:Rating entries.
#COMP	00:03:19	10_PacBioWTDBG2 (MBG344WTDBG2) BUSCOMP Rating complete
#==#	00:03:19	# =========================== COMPILE BUSCOMP GROUP RATINGS ============================ #
#GRP	00:03:19	Compiled BUSCOMP stats for group BUSCOMP (4 of 4 genomes)
#GRP	00:03:19	Compiled BUSCOMP stats for group HighQuality (3 of 3 genomes)
#SAVE	00:03:19	Table "buscoseq" saved to "yeast.buscoseq.tdt": 1,711 entries.
#SAVE	00:03:19	Table "buscomp" saved to "yeast.N3L20ID0U.buscomp.tdt": 1,681 entries.
#SAVE	00:03:19	Table "ratings" saved to "yeast.N3L20ID0U.ratings.tdt": 6 entries.
#DROP	00:03:19	1,711 best entries reduced to 1,681 entries on Status.
#==#	00:03:19	# ================================== BUSCOMP RESULTS =================================== #
#~~#	00:03:19	# ~~~~~~~~~~~~~~~~~~~ BUSCOMP BUSCOMP ~~~~~~~~~~~~~~~~~~~~ #
#BUSCO	00:03:19	Results: C:99.9%[S:99.8%,D:0.1%],F:0.0%,P:0.1%,G:0.0%,M:0.0%,n:1681 - BUSCOMP [1689 (98.71%) Complete BUSCOs; No BUSCOMP compilation]
#INFO	00:03:19	1679 Complete BUSCOs (C)  [95%+ coverage in a single contig/scaffold]
#INFO	00:03:19	1678 Complete and single-copy BUSCOs (S)  [1 Complete hit]
#INFO	00:03:19	1 Complete and duplicated BUSCOs (D)  [2+ Complete hits]
#INFO	00:03:19	0 Fragmented BUSCOs (F)  [95%+ coverage spread over 2+ contigs/scaffolds]
#INFO	00:03:19	2 Partial BUSCOs (P)  [40-95% coverage]
#INFO	00:03:19	0 Ghost BUSCOs (G)  [<40% coverage]
#INFO	00:03:19	0 Missing BUSCOs (M)  [No hits]
#INFO	00:03:19	1681 Total BUSCO gene hits searched
#~~#	00:03:19	# ~~~~~~~~~~~~~~~~~ HighQuality BUSCOMP ~~~~~~~~~~~~~~~~~~ #
#BUSCO	00:03:19	Results: C:99.9%[S:99.8%,D:0.1%],F:0.0%,P:0.1%,G:0.0%,M:0.0%,n:1681 - HighQuality [1684 (98.42%) Complete BUSCOs; No BUSCOMP compilation]
#INFO	00:03:19	1679 Complete BUSCOs (C)  [95%+ coverage in a single contig/scaffold]
#INFO	00:03:19	1678 Complete and single-copy BUSCOs (S)  [1 Complete hit]
#INFO	00:03:19	1 Complete and duplicated BUSCOs (D)  [2+ Complete hits]
#INFO	00:03:19	0 Fragmented BUSCOs (F)  [95%+ coverage spread over 2+ contigs/scaffolds]
#INFO	00:03:19	2 Partial BUSCOs (P)  [40-95% coverage]
#INFO	00:03:19	0 Ghost BUSCOs (G)  [<40% coverage]
#INFO	00:03:19	0 Missing BUSCOs (M)  [No hits]
#INFO	00:03:19	1681 Total BUSCO gene hits searched
#~~#	00:03:19	# ~~~~~~~~~~~~~~~~~~~ PacBioHQ BUSCOMP ~~~~~~~~~~~~~~~~~~~ #
#BUSCO	00:03:19	Results: C:99.9%[S:99.8%,D:0.1%,I:95.8%],F:0.0%,P:0.1%,G:0.0%,M:0.0%,n:1681 - PacBioHQ [1684 (98.42%) Complete BUSCOs; No BUSCOMP compilation]
#INFO	00:03:19	1611 Identical BUSCOs (I)  [100% complete and identical]
#INFO	00:03:19	1679 Complete BUSCOs (C)  [95%+ coverage in a single contig/scaffold]
#INFO	00:03:19	1678 Complete and single-copy BUSCOs (S)  [1 Complete hit]
#INFO	00:03:19	1 Complete and duplicated BUSCOs (D)  [2+ Complete hits]
#INFO	00:03:19	0 Fragmented BUSCOs (F)  [95%+ coverage spread over 2+ contigs/scaffolds]
#INFO	00:03:19	2 Partial BUSCOs (P)  [40-95% coverage]
#INFO	00:03:19	0 Ghost BUSCOs (G)  [<40% coverage]
#INFO	00:03:19	0 Missing BUSCOs (M)  [No hits]
#INFO	00:03:19	1681 Total BUSCO gene hits searched
#~~#	00:03:19	# ~~~~~~~~~~~~~~~~~ PacBioWTDBG2 BUSCOMP ~~~~~~~~~~~~~~~~~ #
#BUSCO	00:03:19	Results: C:99.9%[S:99.8%,D:0.1%,I:60.6%],F:0.0%,P:0.1%,G:0.0%,M:0.0%,n:1681 - PacBioWTDBG2 [1384 (80.89%) Complete BUSCOs; No BUSCOMP compilation]
#INFO	00:03:19	1018 Identical BUSCOs (I)  [100% complete and identical]
#INFO	00:03:19	1679 Complete BUSCOs (C)  [95%+ coverage in a single contig/scaffold]
#INFO	00:03:19	1677 Complete and single-copy BUSCOs (S)  [1 Complete hit]
#INFO	00:03:19	2 Complete and duplicated BUSCOs (D)  [2+ Complete hits]
#INFO	00:03:19	0 Fragmented BUSCOs (F)  [95%+ coverage spread over 2+ contigs/scaffolds]
#INFO	00:03:19	2 Partial BUSCOs (P)  [40-95% coverage]
#INFO	00:03:19	0 Ghost BUSCOs (G)  [<40% coverage]
#INFO	00:03:19	0 Missing BUSCOs (M)  [No hits]
#INFO	00:03:19	1681 Total BUSCO gene hits searched
#~~#	00:03:19	# ~~~~~~~~~~~~~~~~~~~~~ SGD BUSCOMP ~~~~~~~~~~~~~~~~~~~~~~ #
#BUSCO	00:03:19	Results: C:99.9%[S:99.8%,D:0.1%,I:95.7%],F:0.0%,P:0.1%,G:0.0%,M:0.0%,n:1681 - SGD [1683 (98.36%) Complete BUSCOs; No BUSCOMP compilation]
#INFO	00:03:19	1609 Identical BUSCOs (I)  [100% complete and identical]
#INFO	00:03:19	1679 Complete BUSCOs (C)  [95%+ coverage in a single contig/scaffold]
#INFO	00:03:19	1678 Complete and single-copy BUSCOs (S)  [1 Complete hit]
#INFO	00:03:19	1 Complete and duplicated BUSCOs (D)  [2+ Complete hits]
#INFO	00:03:19	0 Fragmented BUSCOs (F)  [95%+ coverage spread over 2+ contigs/scaffolds]
#INFO	00:03:19	2 Partial BUSCOs (P)  [40-95% coverage]
#INFO	00:03:19	0 Ghost BUSCOs (G)  [<40% coverage]
#INFO	00:03:19	0 Missing BUSCOs (M)  [No hits]
#INFO	00:03:19	1681 Total BUSCO gene hits searched
#~~#	00:03:19	# ~~~~~~~~~~~~~~~~~~ chrIIIdup BUSCOMP ~~~~~~~~~~~~~~~~~~~ #
#BUSCO	00:03:19	Results: C:2.7%[S:0.0%,D:2.7%,I:2.6%],F:0.0%,P:0.1%,G:0.1%,M:97.2%,n:1681 - chrIIIdup [45 (2.63%) Complete BUSCOs; No BUSCOMP compilation]
#INFO	00:03:19	43 Identical BUSCOs (I)  [100% complete and identical]
#INFO	00:03:19	45 Complete BUSCOs (C)  [95%+ coverage in a single contig/scaffold]
#INFO	00:03:19	0 Complete and single-copy BUSCOs (S)  [1 Complete hit]
#INFO	00:03:19	45 Complete and duplicated BUSCOs (D)  [2+ Complete hits]
#INFO	00:03:19	0 Fragmented BUSCOs (F)  [95%+ coverage spread over 2+ contigs/scaffolds]
#INFO	00:03:19	1 Partial BUSCOs (P)  [40-95% coverage]
#INFO	00:03:19	1 Ghost BUSCOs (G)  [<40% coverage]
#INFO	00:03:19	1634 Missing BUSCOs (M)  [No hits]
#INFO	00:03:19	1681 Total BUSCO gene hits searched
#DROP	00:03:19	1,711 best entries reduced to 1,681 entries on Status.
#==#	00:03:20	# ================================== BUSCOMP SUMMARY =================================== #
#BUSCO	00:03:20	Results: C:99.9%[S:99.8%,D:0.1%],F:0.0%,P:0.1%,G:0.0%,M:0.0%,n:1681 - BUSCOMP [1689 (98.71%) Complete BUSCOs; No BUSCOMP compilation]
#BUSCO	00:03:20	Results: C:99.9%[S:99.8%,D:0.1%],F:0.0%,P:0.1%,G:0.0%,M:0.0%,n:1681 - HighQuality [1684 (98.42%) Complete BUSCOs; No BUSCOMP compilation]
#BUSCO	00:03:20	Results: C:99.9%[S:99.8%,D:0.1%,I:95.8%],F:0.0%,P:0.1%,G:0.0%,M:0.0%,n:1681 - PacBioHQ [1684 (98.42%) Complete BUSCOs; No BUSCOMP compilation]
#BUSCO	00:03:20	Results: C:99.9%[S:99.8%,D:0.1%,I:60.6%],F:0.0%,P:0.1%,G:0.0%,M:0.0%,n:1681 - PacBioWTDBG2 [1384 (80.89%) Complete BUSCOs; No BUSCOMP compilation]
#BUSCO	00:03:20	Results: C:99.9%[S:99.8%,D:0.1%,I:95.7%],F:0.0%,P:0.1%,G:0.0%,M:0.0%,n:1681 - SGD [1683 (98.36%) Complete BUSCOs; No BUSCOMP compilation]
#BUSCO	00:03:20	Results: C:2.7%[S:0.0%,D:2.7%,I:2.6%],F:0.0%,P:0.1%,G:0.1%,M:97.2%,n:1681 - chrIIIdup [45 (2.63%) Complete BUSCOs; No BUSCOMP compilation]
#==#	00:03:20	# =============================== BUSCOMP RATING CHANGES =============================== #
#DROP	00:03:20	28 changes entries reduced to 14 entries on TOTAL.
#SAVE	00:03:20	Table "changes.full" saved to "yeast.N3L20ID0U.changes.full.tdt": 1,711 entries.
#SAVE	00:03:20	Table "changes" saved to "yeast.N3L20ID0U.changes.tdt": 14 entries.
#SAVE	00:03:20	Table "gain" saved to "yeast.N3L20ID0U.gain.tdt": 4 entries.
#==#	00:03:20	# =============================== UNIQUE COMPLETE BUSCOs =============================== #
#SAVE	00:03:20	Table "unique" saved to "yeast.N3L20ID0U.unique.tdt": 1,711 entries.
#UNIQ	00:03:20	SGD unique Complete genes: 0 BUSCO; 0 BUSCOMP
#UNIQ	00:03:20	PacBioHQ unique Complete genes: 1 BUSCO; 0 BUSCOMP
#UNIQ	00:03:20	chrIIIdup unique Complete genes: 0 BUSCO; 0 BUSCOMP
#UNIQ	00:03:20	PacBioWTDBG2 unique Complete genes: 5 BUSCO; 0 BUSCOMP
#UNIQ	00:03:20	HighQuality unique Complete genes: 304 BUSCO; 0 BUSCOMP
#==#	00:03:20	# ================================ SETUP RMARKDOWN DATA ================================ #
#BEST	00:03:20	Best NG50Length: 930848
#BEST	00:03:20	Best LG50Count: 6
#BEST	00:03:20	Best MaxLength: 1553502
#BEST	00:03:20	Best Complete: 99.88%
#BEST	00:03:20	Best Missing: 0.0%
#BEST	00:03:20	Best BUSCO: 98.42%
#BEST	00:03:20	Best NoBUSCO: 0.94%
#SAVE	00:03:20	Table "rdata" saved to "yeast.N3L20ID0U.rdata.tdt": 6 entries.
#==#	00:03:20	# ============================== SUMMARY RMARKDOWN OUTPUT ============================== #
#DROP	00:03:20	1,711 best entries reduced to 1,681 entries on Status.
#RMD	00:03:20	RMarkdown BUSCOMP summary output to yeast.N3L20ID0U.Rmd
#RCMD	00:03:20	Rscript -e 'library(rmarkdown); rmarkdown::render("yeast.N3L20ID0U.Rmd", "html_document")'
#RCMD	00:03:27	yeast.N3L20ID0U.html generated from yeast.N3L20ID0U.Rmd
#==#	00:03:27	# =============================== FULL RMARKDOWN OUTPUT ================================ #
#DROP	00:03:27	1,711 best entries reduced to 1,681 entries on Status.
#RMD	00:03:27	RMarkdown BUSCOMP summary output to yeast.N3L20ID0U.full.Rmd
#RCMD	00:03:27	Rscript -e 'library(rmarkdown); rmarkdown::render("yeast.N3L20ID0U.full.Rmd", "html_document")'
#RCMD	00:03:37	yeast.N3L20ID0U.full.html generated from yeast.N3L20ID0U.full.Rmd
#WARN	00:03:37	4 warning messages: check log for details.
#LOG	00:03:37	BUSCOMP V0.7.4 End: Fri Jun 28 15:06:27 2019
